app/build/intermediates/manifest_merge_blame_file/debug/processDebugMainManifest/manifest-merger-blame-debug-report.txt
1<?xml version="1.0" encoding="utf-8"?>
2<manifest xmlns:android="http://schemas.android.com/apk/res/android"
3    package="com.example.myempty.aibot"
4    android:versionCode="1"
5    android:versionName="1.0" >
6
7    <uses-sdk
8        android:minSdkVersion="26"
9        android:targetSdkVersion="36" />
10
11    <uses-permission android:name="android.permission.FOREGROUND_SERVICE_DATA_SYNC" />
11-->src/main/AndroidManifest.xml:4:5-87
11-->src/main/AndroidManifest.xml:4:22-84
12    <uses-permission android:name="android.permission.FOREGROUND_SERVICE" />
12-->src/main/AndroidManifest.xml:5:5-77
12-->src/main/AndroidManifest.xml:5:22-74
13    <uses-permission android:name="android.permission.FOREGROUND_SERVICE_MEDIA_PROJECTION" />
13-->src/main/AndroidManifest.xml:6:5-94
13-->src/main/AndroidManifest.xml:6:22-91
14    <uses-permission android:name="android.permission.FOREGROUND_SERVICE_SPECIAL_USE" />
14-->src/main/AndroidManifest.xml:7:5-89
14-->src/main/AndroidManifest.xml:7:22-86
15    <uses-permission android:name="android.permission.SYSTEM_ALERT_WINDOW" />
15-->src/main/AndroidManifest.xml:8:5-78
15-->src/main/AndroidManifest.xml:8:22-75
16    <uses-permission android:name="android.permission.INTERNET" />
16-->src/main/AndroidManifest.xml:9:5-67
16-->src/main/AndroidManifest.xml:9:22-64
17    <uses-permission android:name="android.permission.ACCESS_NETWORK_STATE" />
17-->src/main/AndroidManifest.xml:10:5-79
17-->src/main/AndroidManifest.xml:10:22-76
18    <uses-permission android:name="android.permission.WAKE_LOCK" />
18-->src/main/AndroidManifest.xml:11:5-68
18-->src/main/AndroidManifest.xml:11:22-65
19    <uses-permission android:name="android.permission.REQUEST_IGNORE_BATTERY_OPTIMIZATIONS" />
19-->src/main/AndroidManifest.xml:12:5-95
19-->src/main/AndroidManifest.xml:12:22-92
20    <uses-permission android:name="moe.shizuku.manager.permission.API_V23" />
20-->src/main/AndroidManifest.xml:13:5-78
20-->src/main/AndroidManifest.xml:13:22-75
21    <uses-permission android:name="android.permission.GET_PACKAGE_SIZE" />
21-->[logger-runtime.aar] AndroidManifest.xml:7:5-75
21-->[logger-runtime.aar] AndroidManifest.xml:7:22-72
22    <uses-permission android:name="android.permission.QUERY_ALL_PACKAGES" />
22-->[logger-runtime.aar] AndroidManifest.xml:8:5-77
22-->[logger-runtime.aar] AndroidManifest.xml:8:22-74
23
24    <queries>
24-->[logger-runtime.aar] AndroidManifest.xml:10:5-12:15
25        <package android:name="io.github.mohammedbaqernull.logger" />
25-->[logger-runtime.aar] AndroidManifest.xml:11:9-70
25-->[logger-runtime.aar] AndroidManifest.xml:11:18-67
26    </queries>
27
28    <permission
28-->[androidx.core:core:1.17.0] AndroidManifest.xml:22:5-24:47
29        android:name="com.example.myempty.aibot.DYNAMIC_RECEIVER_NOT_EXPORTED_PERMISSION"
29-->[androidx.core:core:1.17.0] AndroidManifest.xml:23:9-81
30        android:protectionLevel="signature" />
30-->[androidx.core:core:1.17.0] AndroidManifest.xml:24:9-44
31
32    <uses-permission android:name="com.example.myempty.aibot.DYNAMIC_RECEIVER_NOT_EXPORTED_PERMISSION" />
32-->[androidx.core:core:1.17.0] AndroidManifest.xml:26:5-97
32-->[androidx.core:core:1.17.0] AndroidManifest.xml:26:22-94
33
34    <application
34-->src/main/AndroidManifest.xml:15:5-65:19
35        android:allowBackup="true"
35-->src/main/AndroidManifest.xml:16:9-35
36        android:appComponentFactory="androidx.core.app.CoreComponentFactory"
36-->[androidx.core:core:1.17.0] AndroidManifest.xml:28:18-86
37        android:debuggable="true"
38        android:extractNativeLibs="false"
39        android:icon="@mipmap/ic_launcher"
39-->src/main/AndroidManifest.xml:17:9-43
40        android:label="@string/app_name"
40-->src/main/AndroidManifest.xml:18:9-41
41        android:networkSecurityConfig="@xml/network_security_config"
41-->src/main/AndroidManifest.xml:22:9-69
42        android:roundIcon="@mipmap/ic_launcher_round"
42-->src/main/AndroidManifest.xml:19:9-54
43        android:supportsRtl="true"
43-->src/main/AndroidManifest.xml:20:9-35
44        android:theme="@style/AppTheme" >
44-->src/main/AndroidManifest.xml:21:9-40
45        <provider
46            android:name="rikka.shizuku.ShizukuProvider"
46-->src/main/AndroidManifest.xml:25:13-57
47            android:authorities="com.example.myempty.aibot.shizuku"
47-->src/main/AndroidManifest.xml:26:13-59
48            android:enabled="true"
48-->src/main/AndroidManifest.xml:28:13-35
49            android:exported="true"
49-->src/main/AndroidManifest.xml:29:13-36
50            android:multiprocess="false"
50-->src/main/AndroidManifest.xml:27:13-41
51            android:permission="android.permission.INTERACT_ACROSS_USERS_FULL" />
51-->src/main/AndroidManifest.xml:30:13-79
52        <provider
53            android:name="androidx.core.content.FileProvider"
53-->src/main/AndroidManifest.xml:33:13-62
54            android:authorities="com.example.myempty.aibot.fileprovider"
54-->src/main/AndroidManifest.xml:34:13-64
55            android:exported="false"
55-->src/main/AndroidManifest.xml:35:13-37
56            android:grantUriPermissions="true" >
56-->src/main/AndroidManifest.xml:36:13-47
57            <meta-data
57-->src/main/AndroidManifest.xml:37:13-39:54
58                android:name="android.support.FILE_PROVIDER_PATHS"
58-->src/main/AndroidManifest.xml:38:17-67
59                android:resource="@xml/file_paths" />
59-->src/main/AndroidManifest.xml:39:17-51
60        </provider>
61
62        <activity
62-->src/main/AndroidManifest.xml:42:9-49:20
63            android:name="com.example.myempty.aibot.MainActivity"
63-->src/main/AndroidManifest.xml:43:13-41
64            android:exported="true" >
64-->src/main/AndroidManifest.xml:44:13-36
65            <intent-filter>
65-->src/main/AndroidManifest.xml:45:13-48:29
66                <action android:name="android.intent.action.MAIN" />
66-->src/main/AndroidManifest.xml:46:17-69
66-->src/main/AndroidManifest.xml:46:25-66
67
68                <category android:name="android.intent.category.LAUNCHER" />
68-->src/main/AndroidManifest.xml:47:17-77
68-->src/main/AndroidManifest.xml:47:27-74
69            </intent-filter>
70        </activity>
71
72        <service
72-->src/main/AndroidManifest.xml:51:9-54:40
73            android:name="com.example.myempty.aibot.ScreenCaptureService"
73-->src/main/AndroidManifest.xml:52:13-49
74            android:exported="false"
74-->src/main/AndroidManifest.xml:54:13-37
75            android:foregroundServiceType="mediaProjection" />
75-->src/main/AndroidManifest.xml:53:13-60
76        <service
76-->src/main/AndroidManifest.xml:56:9-63:19
77            android:name="com.example.myempty.aibot.gameai.OverlayService"
77-->src/main/AndroidManifest.xml:57:13-50
78            android:exported="false"
78-->src/main/AndroidManifest.xml:59:13-37
79            android:foregroundServiceType="specialUse" >
79-->src/main/AndroidManifest.xml:58:13-55
80            <property
80-->src/main/AndroidManifest.xml:60:13-62:65
81                android:name="android.app.PROPERTY_SPECIAL_USE_FGS_SUBTYPE"
81-->src/main/AndroidManifest.xml:61:17-76
82                android:value="Detection box overlay service" />
82-->src/main/AndroidManifest.xml:62:17-62
83        </service>
84
85        <provider
85-->[logger-runtime.aar] AndroidManifest.xml:15:9-18:39
86            android:name="io.github.mohammedbaqernull.logger.logwire.LogWireInitializer"
86-->[logger-runtime.aar] AndroidManifest.xml:16:13-89
87            android:authorities="com.example.myempty.aibot.logwire.initializer"
87-->[logger-runtime.aar] AndroidManifest.xml:17:13-71
88            android:exported="true" />
88-->[logger-runtime.aar] AndroidManifest.xml:18:13-36
89
90        <activity
90-->[androidx.compose.ui:ui-tooling-android:1.7.6] AndroidManifest.xml:23:9-25:39
91            android:name="androidx.compose.ui.tooling.PreviewActivity"
91-->[androidx.compose.ui:ui-tooling-android:1.7.6] AndroidManifest.xml:24:13-71
92            android:exported="true" />
92-->[androidx.compose.ui:ui-tooling-android:1.7.6] AndroidManifest.xml:25:13-36
93
94        <provider
94-->[androidx.emoji2:emoji2:1.3.0] AndroidManifest.xml:24:9-32:20
95            android:name="androidx.startup.InitializationProvider"
95-->[androidx.emoji2:emoji2:1.3.0] AndroidManifest.xml:25:13-67
96            android:authorities="com.example.myempty.aibot.androidx-startup"
96-->[androidx.emoji2:emoji2:1.3.0] AndroidManifest.xml:26:13-68
97            android:exported="false" >
97-->[androidx.emoji2:emoji2:1.3.0] AndroidManifest.xml:27:13-37
98            <meta-data
98-->[androidx.emoji2:emoji2:1.3.0] AndroidManifest.xml:29:13-31:52
99                android:name="androidx.emoji2.text.EmojiCompatInitializer"
99-->[androidx.emoji2:emoji2:1.3.0] AndroidManifest.xml:30:17-75
100                android:value="androidx.startup" />
100-->[androidx.emoji2:emoji2:1.3.0] AndroidManifest.xml:31:17-49
101            <meta-data
101-->[androidx.lifecycle:lifecycle-process:2.8.3] AndroidManifest.xml:29:13-31:52
102                android:name="androidx.lifecycle.ProcessLifecycleInitializer"
102-->[androidx.lifecycle:lifecycle-process:2.8.3] AndroidManifest.xml:30:17-78
103                android:value="androidx.startup" />
103-->[androidx.lifecycle:lifecycle-process:2.8.3] AndroidManifest.xml:31:17-49
104            <meta-data
104-->[androidx.profileinstaller:profileinstaller:1.4.0] AndroidManifest.xml:29:13-31:52
105                android:name="androidx.profileinstaller.ProfileInstallerInitializer"
105-->[androidx.profileinstaller:profileinstaller:1.4.0] AndroidManifest.xml:30:17-85
106                android:value="androidx.startup" />
106-->[androidx.profileinstaller:profileinstaller:1.4.0] AndroidManifest.xml:31:17-49
107        </provider>
108
109        <meta-data
109-->[dev.rikka.shizuku:provider:13.1.5] AndroidManifest.xml:11:9-13:36
110            android:name="moe.shizuku.client.V3_SUPPORT"
110-->[dev.rikka.shizuku:provider:13.1.5] AndroidManifest.xml:12:13-57
111            android:value="true" />
111-->[dev.rikka.shizuku:provider:13.1.5] AndroidManifest.xml:13:13-33
112
113        <receiver
113-->[androidx.profileinstaller:profileinstaller:1.4.0] AndroidManifest.xml:34:9-52:20
114            android:name="androidx.profileinstaller.ProfileInstallReceiver"
114-->[androidx.profileinstaller:profileinstaller:1.4.0] AndroidManifest.xml:35:13-76
115            android:directBootAware="false"
115-->[androidx.profileinstaller:profileinstaller:1.4.0] AndroidManifest.xml:36:13-44
116            android:enabled="true"
116-->[androidx.profileinstaller:profileinstaller:1.4.0] AndroidManifest.xml:37:13-35
117            android:exported="true"
117-->[androidx.profileinstaller:profileinstaller:1.4.0] AndroidManifest.xml:38:13-36
118            android:permission="android.permission.DUMP" >
118-->[androidx.profileinstaller:profileinstaller:1.4.0] AndroidManifest.xml:39:13-57
119            <intent-filter>
119-->[androidx.profileinstaller:profileinstaller:1.4.0] AndroidManifest.xml:40:13-42:29
120                <action android:name="androidx.profileinstaller.action.INSTALL_PROFILE" />
120-->[androidx.profileinstaller:profileinstaller:1.4.0] AndroidManifest.xml:41:17-91
120-->[androidx.profileinstaller:profileinstaller:1.4.0] AndroidManifest.xml:41:25-88
121            </intent-filter>
122            <intent-filter>
122-->[androidx.profileinstaller:profileinstaller:1.4.0] AndroidManifest.xml:43:13-45:29
123                <action android:name="androidx.profileinstaller.action.SKIP_FILE" />
123-->[androidx.profileinstaller:profileinstaller:1.4.0] AndroidManifest.xml:44:17-85
123-->[androidx.profileinstaller:profileinstaller:1.4.0] AndroidManifest.xml:44:25-82
124            </intent-filter>
125            <intent-filter>
125-->[androidx.profileinstaller:profileinstaller:1.4.0] AndroidManifest.xml:46:13-48:29
126                <action android:name="androidx.profileinstaller.action.SAVE_PROFILE" />
126-->[androidx.profileinstaller:profileinstaller:1.4.0] AndroidManifest.xml:47:17-88
126-->[androidx.profileinstaller:profileinstaller:1.4.0] AndroidManifest.xml:47:25-85
127            </intent-filter>
128            <intent-filter>
128-->[androidx.profileinstaller:profileinstaller:1.4.0] AndroidManifest.xml:49:13-51:29
129                <action android:name="androidx.profileinstaller.action.BENCHMARK_OPERATION" />
129-->[androidx.profileinstaller:profileinstaller:1.4.0] AndroidManifest.xml:50:17-95
129-->[androidx.profileinstaller:profileinstaller:1.4.0] AndroidManifest.xml:50:25-92
130            </intent-filter>
131        </receiver>
132    </application>
133
134</manifest>